<?xml version="1.0" encoding="UTF-8"?>
<!-- Generated by org.testng.reporters.JUnitXMLReporter -->
<testsuite ignored="0" hostname="MacBook-Pro-de-Filipe.local" failures="0" tests="2" name="Default test" time="24.254" errors="0" timestamp="2020-03-19T07:40:14 BRT">
  <testcase classname="com.herokuapp.theinternet.NegativeTests" name="incorrectPasswordTest" time="12.725"/>
  <testcase classname="com.herokuapp.theinternet.NegativeTests" name="incorrectUsernameTest" time="11.445"/>
</testsuite> <!-- Default test -->
