<?xml version="1.0" encoding="UTF-8"?>
<!-- Generated by org.testng.reporters.JUnitXMLReporter -->
<testsuite ignored="0" hostname="MacBook-Pro-de-Filipe.local" failures="0" tests="4" name="AlertsTests" time="48.052" errors="0" timestamp="2020-04-23T21:27:40 BRT">
  <testcase classname="com.herokuapp.theinternet.alertstests.AlertsTests" name="jsAcceptTest" time="4.767"/>
  <testcase classname="com.herokuapp.theinternet.alertstests.AlertsTests" name="jsAlertTest" time="6.455"/>
  <testcase classname="com.herokuapp.theinternet.alertstests.AlertsTests" name="jsDismissTest" time="4.541"/>
  <testcase classname="com.herokuapp.theinternet.alertstests.AlertsTests" name="jsPromptTest" time="5.531"/>
</testsuite> <!-- AlertsTests -->
