<?xml version="1.0" encoding="UTF-8"?>
<!-- Generated by org.testng.reporters.JUnitXMLReporter -->
<testsuite ignored="0" hostname="MBP-de-Filipe" failures="0" tests="4" name="AlertsTests" time="39.399" errors="0" timestamp="2020-04-14T21:10:27 BRT">
  <testcase classname="com.herokuapp.theinternet.alertstests.AlertsTests" name="jsAcceptTest" time="4.704"/>
  <testcase classname="com.herokuapp.theinternet.alertstests.AlertsTests" name="jsAlertTest" time="4.389"/>
  <testcase classname="com.herokuapp.theinternet.alertstests.AlertsTests" name="jsDismissTest" time="4.488"/>
  <testcase classname="com.herokuapp.theinternet.alertstests.AlertsTests" name="jsPromptTest" time="5.444"/>
</testsuite> <!-- AlertsTests -->
