<?xml version="1.0" encoding="UTF-8"?>
<!-- Generated by org.testng.reporters.JUnitXMLReporter -->
<testsuite ignored="0" hostname="MacBook-Pro-de-Filipe.local" failures="0" tests="2" name="NegativeTests" time="21.37" errors="0" timestamp="2020-03-19T08:12:46 BRT">
  <testcase classname="com.herokuapp.theinternet.NegativeTests" name="incorrectPasswordTest" time="10.705"/>
  <testcase classname="com.herokuapp.theinternet.NegativeTests" name="incorrectUsernameTest" time="10.649"/>
</testsuite> <!-- NegativeTests -->
