<?xml version="1.0" encoding="UTF-8"?>
<testng-results ignored="0" total="1" passed="1" failed="0" skipped="0">
  <reporter-output>
  </reporter-output>
  <suite started-at="2020-03-16T08:10:37 BRT" name="Surefire suite" finished-at="2020-03-16T08:10:47 BRT" duration-ms="10523">
    <groups>
    </groups>
    <test started-at="2020-03-16T08:10:37 BRT" name="Surefire test" finished-at="2020-03-16T08:10:47 BRT" duration-ms="10523">
      <class name="com.herokuapp.theinternet.PositiveTests">
        <test-method signature="loginTest()[pri:0, instance:com.herokuapp.theinternet.PositiveTests@55b7a4e0]" started-at="2020-03-16T08:10:37 BRT" name="loginTest" finished-at="2020-03-16T08:10:47 BRT" duration-ms="10469" status="PASS">
          <reporter-output>
          </reporter-output>
        </test-method> <!-- loginTest -->
      </class> <!-- com.herokuapp.theinternet.PositiveTests -->
    </test> <!-- Surefire test -->
  </suite> <!-- Surefire suite -->
</testng-results>
