<?xml version="1.0" encoding="UTF-8"?>
<!-- Generated by org.testng.reporters.JUnitXMLReporter -->
<testsuite ignored="1" hostname="MBP-de-Filipe" failures="0" tests="1" name="NegativePasswordTests" time="10.813" errors="0" timestamp="2020-03-22T10:45:29 BRT">
  <testcase classname="com.herokuapp.theinternet.LoginTests" name="negativeLoginTest" time="6.001"/>
  <testcase classname="com.herokuapp.theinternet.LoginTests" name="positiveLoginTest" time="0.0">
    <ignored/>
  </testcase> <!-- positiveLoginTest -->
</testsuite> <!-- NegativePasswordTests -->
