<?xml version="1.0" encoding="UTF-8"?>
<!-- Generated by org.testng.reporters.JUnitXMLReporter -->
<testsuite ignored="0" hostname="MBP-de-Filipe" failures="0" tests="4" name="NegativePasswordTest-FF" time="27.253" errors="0" timestamp="2020-04-13T18:45:44 BRT">
  <testcase classname="com.herokuapp.theinternet.loginpagetests.LoginTests" name="negativeTest" time="5.651"/>
  <testcase classname="com.herokuapp.theinternet.loginpagetests.LoginTests" name="positiveLoginTest" time="3.903"/>
  <testcase classname="com.herokuapp.theinternet.loginpagetests.LoginTests" name="negativeTest" time="3.94"/>
  <testcase classname="com.herokuapp.theinternet.loginpagetests.LoginTests" name="negativeTest" time="3.636"/>
</testsuite> <!-- NegativePasswordTest-FF -->
