<?xml version="1.0" encoding="UTF-8"?>
<!-- Generated by org.testng.reporters.JUnitXMLReporter -->
<testsuite ignored="0" hostname="MBP-de-Filipe" failures="0" tests="8" name="NegativePasswordTest-FF" time="28.748" errors="0" timestamp="2020-04-13T19:10:12 BRT">
  <testcase classname="com.herokuapp.theinternet.loginpagetests.LoginTests" name="positiveLoginTest" time="0.0">
    <skipped/>
  </testcase> <!-- positiveLoginTest -->
  <testcase classname="com.herokuapp.theinternet.loginpagetests.LoginTests" name="positiveLoginTest" time="5.834"/>
  <testcase classname="com.herokuapp.theinternet.loginpagetests.LoginTests" name="positiveLoginTest" time="6.066"/>
  <testcase classname="com.herokuapp.theinternet.loginpagetests.LoginTests" name="negativeTest" time="0.0">
    <skipped/>
  </testcase> <!-- negativeTest -->
  <testcase classname="com.herokuapp.theinternet.loginpagetests.LoginTests" name="negativeTest" time="6.506"/>
  <testcase classname="com.herokuapp.theinternet.loginpagetests.LoginTests" name="negativeTest" time="6.735"/>
  <testcase classname="com.herokuapp.theinternet.loginpagetests.LoginTests" name="positiveLoginTest" time="3.826"/>
  <testcase classname="com.herokuapp.theinternet.loginpagetests.LoginTests" name="negativeTest" time="3.731"/>
</testsuite> <!-- NegativePasswordTest-FF -->
