<?xml version="1.0" encoding="UTF-8"?>
<!-- Generated by org.testng.reporters.JUnitXMLReporter -->
<testsuite ignored="0" hostname="MBP-de-Filipe" failures="0" tests="3" name="NegativePasswordTest-CH" time="21.482" errors="0" timestamp="2020-04-13T19:11:28 BRT">
  <testcase classname="com.herokuapp.theinternet.loginpagetests.LoginTests" name="positiveLoginTest" time="4.781"/>
  <testcase classname="com.herokuapp.theinternet.loginpagetests.LoginTests" name="positiveLoginTest" time="4.963"/>
  <testcase classname="com.herokuapp.theinternet.loginpagetests.LoginTests" name="negativeTest" time="4.329"/>
</testsuite> <!-- NegativePasswordTest-CH -->
