<?xml version="1.0" encoding="UTF-8"?>
<!-- Generated by org.testng.reporters.JUnitXMLReporter -->
<testsuite ignored="0" hostname="MBP-de-Filipe" failures="0" tests="4" name="NegativePasswordTest-CH" time="24.662" errors="0" timestamp="2020-04-13T18:45:17 BRT">
  <testcase classname="com.herokuapp.theinternet.loginpagetests.LoginTests" name="positiveLoginTest" time="6.165"/>
  <testcase classname="com.herokuapp.theinternet.loginpagetests.LoginTests" name="positiveLoginTest" time="6.288"/>
  <testcase classname="com.herokuapp.theinternet.loginpagetests.LoginTests" name="positiveLoginTest" time="6.566"/>
  <testcase classname="com.herokuapp.theinternet.loginpagetests.LoginTests" name="negativeTest" time="5.154"/>
</testsuite> <!-- NegativePasswordTest-CH -->
