<?xml version="1.0" encoding="UTF-8"?>
<!-- Generated by org.testng.reporters.JUnitXMLReporter -->
<testsuite ignored="2" hostname="MBP-de-Filipe" failures="0" tests="0" time="0.019" errors="0" timestamp="2020-04-13T19:11:06 BRT">
  <testcase classname="com.herokuapp.theinternet.loginpagetests.LoginTests" name="positiveLoginTest" time="0.0">
    <ignored/>
  </testcase> <!-- positiveLoginTest -->
  <testcase classname="com.herokuapp.theinternet.loginpagetests.LoginTests" name="negativeTest" time="0.0">
    <ignored/>
  </testcase> <!-- negativeTest -->
</testsuite>
