<?xml version="1.0" encoding="UTF-8"?>
<testng-results ignored="0" total="2" passed="2" failed="0" skipped="0">
  <reporter-output>
  </reporter-output>
  <suite started-at="2020-03-19T07:39:44 BRT" name="Default suite" finished-at="2020-03-19T07:40:09 BRT" duration-ms="24254">
    <groups>
    </groups>
    <test started-at="2020-03-19T07:39:44 BRT" name="Default test" finished-at="2020-03-19T07:40:09 BRT" duration-ms="24254">
      <class name="com.herokuapp.theinternet.NegativeTests">
        <test-method signature="incorrectPasswordTest()[pri:0, instance:com.herokuapp.theinternet.NegativeTests@68567e20]" started-at="2020-03-19T07:39:44 BRT" name="incorrectPasswordTest" finished-at="2020-03-19T07:39:57 BRT" duration-ms="12725" status="PASS">
          <reporter-output>
          </reporter-output>
        </test-method> <!-- incorrectPasswordTest -->
        <test-method signature="incorrectUsernameTest()[pri:0, instance:com.herokuapp.theinternet.NegativeTests@68567e20]" started-at="2020-03-19T07:39:57 BRT" name="incorrectUsernameTest" finished-at="2020-03-19T07:40:09 BRT" duration-ms="11445" status="PASS">
          <reporter-output>
          </reporter-output>
        </test-method> <!-- incorrectUsernameTest -->
      </class> <!-- com.herokuapp.theinternet.NegativeTests -->
    </test> <!-- Default test -->
  </suite> <!-- Default suite -->
</testng-results>
