<?xml version="1.0" encoding="UTF-8"?>
<testng-results ignored="0" total="1" passed="1" failed="0" skipped="0">
  <reporter-output>
  </reporter-output>
  <suite started-at="2020-04-15T21:32:05 BRT" name="EditorTestSuite" finished-at="2020-04-15T21:32:15 BRT" duration-ms="9772">
    <groups>
    </groups>
    <test started-at="2020-04-15T21:32:05 BRT" name="EditorTests" finished-at="2020-04-15T21:32:15 BRT" duration-ms="9772">
      <class name="com.herokuapp.theinternet.editortests.EditorTests">
        <test-method is-config="true" signature="setUp(java.lang.String, org.testng.ITestContext)[pri:0, instance:com.herokuapp.theinternet.editortests.EditorTests@f2ff811]" started-at="2020-04-15T21:32:05 BRT" name="setUp" finished-at="2020-04-15T21:32:12 BRT" duration-ms="6610" status="PASS">
          <params>
            <param index="0">
              <value>
                <![CDATA[chrome]]>
              </value>
            </param>
            <param index="1">
              <value>
                <![CDATA[org.testng.TestRunner@3d43fe]]>
              </value>
            </param>
          </params>
          <reporter-output>
          </reporter-output>
        </test-method> <!-- setUp -->
        <test-method signature="defaultEditorValueTest()[pri:0, instance:com.herokuapp.theinternet.editortests.EditorTests@f2ff811]" started-at="2020-04-15T21:32:12 BRT" name="defaultEditorValueTest" finished-at="2020-04-15T21:32:15 BRT" duration-ms="2997" status="PASS">
          <reporter-output>
          </reporter-output>
        </test-method> <!-- defaultEditorValueTest -->
        <test-method is-config="true" signature="tearDown()[pri:0, instance:com.herokuapp.theinternet.editortests.EditorTests@f2ff811]" started-at="2020-04-15T21:32:15 BRT" name="tearDown" finished-at="2020-04-15T21:32:15 BRT" duration-ms="117" status="PASS">
          <reporter-output>
          </reporter-output>
        </test-method> <!-- tearDown -->
      </class> <!-- com.herokuapp.theinternet.editortests.EditorTests -->
    </test> <!-- EditorTests -->
  </suite> <!-- EditorTestSuite -->
</testng-results>
