<?xml version="1.0" encoding="UTF-8"?>
<!-- Generated by org.testng.reporters.JUnitXMLReporter -->
<testsuite ignored="2" hostname="MBP-de-Filipe" failures="0" tests="1" name="Exceptions Test" time="13.63" errors="0" timestamp="2020-03-22T12:58:43 BRT">
  <testcase classname="com.herokuapp.theinternet.ExceptionsTests" name="noSuchElementTest" time="7.217"/>
  <testcase classname="com.herokuapp.theinternet.ExceptionsTests" name="notVisibleTest" time="0.0">
    <ignored/>
  </testcase> <!-- notVisibleTest -->
  <testcase classname="com.herokuapp.theinternet.ExceptionsTests" name="timeoutTest" time="0.0">
    <ignored/>
  </testcase> <!-- timeoutTest -->
</testsuite> <!-- Exceptions Test -->
